<?xml version="1.0" encoding="UTF-8"?>
<!-- Generated by org.testng.reporters.JUnitReportReporter -->
<testsuite skipped="0" hostname="Sharmila" name="com.commerce.qa.test.SearchPageTest" tests="1" failures="0" timestamp="2020-09-14T15:37:30 IST" time="476.171" errors="0">
  <testcase name="getProduct" time="476.171" classname="com.commerce.qa.test.SearchPageTest"/>
  <system-out>

Selected Product.
Sony Bravia 164 cm (65 inches) 4K Ultra HD Certified Android LED TV 65X8000H (Black) (2020 Model)  </system-out>
</testsuite> <!-- com.commerce.qa.test.SearchPageTest -->
